<?xml version="1.0" encoding="UTF-8"?>
<!-- Generated by org.testng.reporters.JUnitReportReporter -->
<testsuite hostname="ArunNaru-VAIO" name="Pack1.TestNG1" tests="2" failures="0" timestamp="13 Sep 2014 23:41:32 GMT" time="0.009" errors="0">
  <testcase name="f" time="0.001" classname="Pack1.TestNG1"/>
  <testcase name="f" time="0.008" classname="Pack1.TestNG1"/>
</testsuite> <!-- Pack1.TestNG1 -->
